<?xml version="1.0" encoding="UTF-8"?>
<!-- Generated by org.testng.reporters.JUnitReportReporter -->
<testsuite hostname="DESKTOP-QK2T4EG" failures="0" tests="3" name="com.vyasa.testng.dataprovider.DataProviderExample" time="79.393" errors="0" timestamp="2022-06-01T13:52:12 IST" skipped="0">
  <testcase classname="com.vyasa.testng.dataprovider.DataProviderExample" name="loginFlipkart" time="40.167"/>
  <system-out/>
  <testcase classname="com.vyasa.testng.dataprovider.DataProviderExample" name="loginFlipkart" time="28.717"/>
  <system-out/>
  <testcase classname="com.vyasa.testng.dataprovider.DataProviderExample" name="loginFlipkart" time="10.509"/>
  <system-out/>
</testsuite> <!-- com.vyasa.testng.dataprovider.DataProviderExample -->
