<?xml version="1.0" encoding="UTF-8"?>
<!-- Generated by org.testng.reporters.JUnitReportReporter -->
<testsuite hostname="DESKTOP-QK2T4EG" failures="0" tests="7" name="com.vyasa.testng.automation.TestNGAttributes" time="0.016" errors="0" timestamp="2022-06-01T13:52:12 IST" skipped="0">
  <testcase classname="com.vyasa.testng.automation.TestNGAttributes" name="test6" time="0.002"/>
  <system-out/>
  <testcase classname="com.vyasa.testng.automation.TestNGAttributes" name="test5" time="0.002"/>
  <system-out/>
  <testcase classname="com.vyasa.testng.automation.TestNGAttributes" name="atest4" time="0.003"/>
  <system-out/>
  <testcase classname="com.vyasa.testng.automation.TestNGAttributes" name="test2" time="0.002"/>
  <system-out/>
  <testcase classname="com.vyasa.testng.automation.TestNGAttributes" name="test1" time="0.001"/>
  <system-out/>
  <testcase classname="com.vyasa.testng.automation.TestNGAttributes" name="test3" time="0.001"/>
  <system-out/>
  <testcase classname="com.vyasa.testng.automation.TestNGAttributes" name="test7" time="0.005"/>
  <system-out/>
</testsuite> <!-- com.vyasa.testng.automation.TestNGAttributes -->
