<?xml version="1.0" encoding="UTF-8"?>
<!-- Generated by org.testng.reporters.JUnitReportReporter -->
<testsuite hostname="DESKTOP-QK2T4EG" failures="0" tests="4" name="com.vyasa.testng.automation.TestNGAutomation" time="0.294" errors="0" timestamp="2022-06-01T13:52:12 IST" skipped="0">
  <testcase classname="com.vyasa.testng.automation.TestNGAutomation" name="verifyNewArrivalsDisplayed" time="0.095"/>
  <system-out/>
  <testcase classname="com.vyasa.testng.automation.TestNGAutomation" name="verifySliderHasThreeBooks" time="0.075"/>
  <system-out/>
  <testcase classname="com.vyasa.testng.automation.TestNGAutomation" name="verifyNewArrivalHasThreeBooks" time="0.032"/>
  <system-out/>
  <testcase classname="com.vyasa.testng.automation.TestNGAutomation" name="verifyTitleOfNewArrivalBooks" time="0.092"/>
  <system-out/>
</testsuite> <!-- com.vyasa.testng.automation.TestNGAutomation -->
